%!Adobe-FontList 1.14
%Locale:0x40c

%BeginFont
Handler:DirectoryHandler
FontType:TrueType
FontName:Lato-Bold
FamilyName:Lato
StyleName:Bold
FullName:Lato Bold
MenuName:Lato
StyleBits:2
WritingScript:Roman
OutlineFileName:C:\Users\Utilisateur\Dropbox\Mes projets\integrationMusicien\Font\Lato-Bold.ttf
DataFormat:sfntData
FileLength:657188
FileModTime:1465186924
WeightClass:700
WidthClass:5
AngleClass:0
%EndFont

%BeginFont
Handler:DirectoryHandler
FontType:TrueType
FontName:Lato-Italic
FamilyName:Lato
StyleName:Italic
FullName:Lato Italic
MenuName:Lato
StyleBits:1
WritingScript:Roman
OutlineFileName:C:\Users\Utilisateur\Dropbox\Mes projets\integrationMusicien\Font\Lato-Italic.ttf
DataFormat:sfntData
FileLength:723544
FileModTime:1465186924
WeightClass:400
WidthClass:5
AngleClass:1
%EndFont

%BeginFont
Handler:DirectoryHandler
FontType:TrueType
FontName:Lato-LightItalic
FamilyName:Lato
StyleName:Light Italic
FullName:Lato Light Italic
MenuName:Lato Light
StyleBits:1
WritingScript:Roman
OutlineFileName:C:\Users\Utilisateur\Dropbox\Mes projets\integrationMusicien\Font\Lato-LightItalic.ttf
DataFormat:sfntData
FileLength:658212
FileModTime:1465186924
WeightClass:300
WidthClass:5
AngleClass:1
%EndFont

%BeginFont
Handler:DirectoryHandler
FontType:TrueType
FontName:Lato-Regular
FamilyName:Lato
StyleName:Regular
FullName:Lato Regular
MenuName:Lato
StyleBits:0
WritingScript:Roman
OutlineFileName:C:\Users\Utilisateur\Dropbox\Mes projets\integrationMusicien\Font\Lato-Regular.ttf
DataFormat:sfntData
FileLength:657212
FileModTime:1465186924
WeightClass:400
WidthClass:5
AngleClass:0
%EndFont

